Using pre-set license

 COMMAND LINE ARGUMENTS:
/Applications/Unity/2020.3.2f1/Unity.app/Contents/MacOS/Unity
-adb2
-batchMode
-noUpm
-name
AssetImportWorker0
-projectPath
/Users/xandergusarov/Documents/GitHub/Match3DStuff/StuffMatch3D
-logFile
Logs/AssetImportWorker0.log
-srvPort
54154
Successfully changed project path to: /Users/xandergusarov/Documents/GitHub/Match3DStuff/StuffMatch3D
/Users/xandergusarov/Documents/GitHub/Match3DStuff/StuffMatch3D
Using Asset Import Pipeline V2.
Refreshing native plugins compatible for Editor in 28.55 ms, found 1 plugins.
Preloading 0 native plugins for Editor in 0.00 ms.
Initialize engine version: 2020.3.2f1 (8fd9074bf66c)
[Subsystems] Discovering subsystems at path /Applications/Unity/2020.3.2f1/Unity.app/Contents/Resources/UnitySubsystems
[Subsystems] Discovering subsystems at path /Users/xandergusarov/Documents/GitHub/Match3DStuff/StuffMatch3D/Assets
GfxDevice: creating device client; threaded=0
2021-05-27 16:18:18.729 Unity[10781:365353] (null) preferred device: Apple M1 (high power)
2021-05-27 16:18:18.729 Unity[10781:365353] Metal devices available: 1
2021-05-27 16:18:18.729 Unity[10781:365353] 0: Apple M1 (high power)
2021-05-27 16:18:18.729 Unity[10781:365353] Using device Apple M1 (high power)
Initializing Metal device caps: Apple M1
Initialize mono
Mono path[0] = '/Applications/Unity/2020.3.2f1/Unity.app/Contents/Managed'
Mono path[1] = '/Applications/Unity/2020.3.2f1/Unity.app/Contents/MonoBleedingEdge/lib/mono/unityjit'
Mono config path = '/Applications/Unity/2020.3.2f1/Unity.app/Contents/MonoBleedingEdge/etc'
Using monoOptions --debugger-agent=transport=dt_socket,embedding=1,server=y,suspend=n,address=127.0.0.1:56781
Begin MonoManager ReloadAssembly
Registering precompiled unity dll's ...
Register platform support module: /Applications/Unity/2020.3.2f1/PlaybackEngines/WebGLSupport/UnityEditor.WebGL.Extensions.dll
Register platform support module: /Applications/Unity/2020.3.2f1/Unity.app/Contents/PlaybackEngines/MacStandaloneSupport/UnityEditor.OSXStandalone.Extensions.dll
Register platform support module: /Applications/Unity/2020.3.2f1/PlaybackEngines/WindowsStandaloneSupport/UnityEditor.WindowsStandalone.Extensions.dll
Registered in 0.002066 seconds.
Native extension for WindowsStandalone target not found
Native extension for OSXStandalone target not found
Native extension for WebGL target not found
Refreshing native plugins compatible for Editor in 30.65 ms, found 1 plugins.
Preloading 0 native plugins for Editor in 0.00 ms.
Invoked RoslynAnalysisRunner static constructor.
RoslynAnalysisRunner will not be running.
RoslynAnalysisRunner has terminated.
Mono: successfully reloaded assembly
- Completed reload, in  2.817 seconds
Platform modules already initialized, skipping
Registering precompiled user dll's ...
Registered in 0.000688 seconds.
Begin MonoManager ReloadAssembly
Native extension for WindowsStandalone target not found
Native extension for OSXStandalone target not found
Native extension for WebGL target not found
Refreshing native plugins compatible for Editor in 0.28 ms, found 1 plugins.
Preloading 0 native plugins for Editor in 0.00 ms.
Invoked RoslynAnalysisRunner static constructor.
RoslynAnalysisRunner will not be running.
RoslynAnalysisRunner has terminated.
Mono: successfully reloaded assembly
- Completed reload, in  1.705 seconds
Platform modules already initialized, skipping
========================================================================
Worker process is ready to serve import requests
Launching external process: /Applications/Unity/2020.3.2f1/Unity.app/Contents/Tools/UnityShaderCompiler
Launched and connected shader compiler UnityShaderCompiler after 0.03 seconds
Refreshing native plugins compatible for Editor in 0.27 ms, found 1 plugins.
Preloading 0 native plugins for Editor in 0.00 ms.
Unloading 1146 Unused Serialized files (Serialized files now loaded: 0)
System memory in use before: 123.3 MB.
System memory in use after: 123.4 MB.

Unloading 10 unused Assets to reduce memory usage. Loaded Objects now: 1590.
Total: 1.307916 ms (FindLiveObjects: 0.103458 ms CreateObjectMapping: 0.023666 ms MarkObjects: 1.105208 ms  DeleteObjects: 0.074625 ms)

========================================================================
Received Import Request.
  path: Assets/Resources/Images/he.png
  artifactKey: Guid(e12c70584e80b4234ba9d8ed7e0d5dd3) Importer(815301076,1909f56bfc062723c751e8b465ee728b)
Start importing Assets/Resources/Images/he.png using Guid(e12c70584e80b4234ba9d8ed7e0d5dd3) Importer(815301076,1909f56bfc062723c751e8b465ee728b)  -> (artifact id: 'd19b333740042a2a060f7b5d49966d3a') in 0.669966 seconds
  Import took 0.672018 seconds .

========================================================================
Received Import Request.
  Time since last request: 0.000254 seconds.
  path: Assets/Resources/Images/tiopopup.png
  artifactKey: Guid(ba0a2a4a3cea54664bd8c291310f04f7) Importer(815301076,1909f56bfc062723c751e8b465ee728b)
Start importing Assets/Resources/Images/tiopopup.png using Guid(ba0a2a4a3cea54664bd8c291310f04f7) Importer(815301076,1909f56bfc062723c751e8b465ee728b)  -> (artifact id: '573102f8062df3434929d0ae7b0ab9e7') in 0.026647 seconds
  Import took 0.028409 seconds .

========================================================================
Received Import Request.
  Time since last request: 0.000218 seconds.
  path: Assets/Resources/Images/hf.png
  artifactKey: Guid(4388aa54200b74c4bb0ffcb079b82e6a) Importer(815301076,1909f56bfc062723c751e8b465ee728b)
Start importing Assets/Resources/Images/hf.png using Guid(4388aa54200b74c4bb0ffcb079b82e6a) Importer(815301076,1909f56bfc062723c751e8b465ee728b)  -> (artifact id: '5d5651ebd2e7afe078d9cc57a9e0a8b7') in 0.019263 seconds
  Import took 0.022336 seconds .

========================================================================
Received Import Request.
  Time since last request: 0.000329 seconds.
  path: Assets/Resources/Images/tbi.png
  artifactKey: Guid(a72b23b17ce524750bcccdb01deb8548) Importer(815301076,1909f56bfc062723c751e8b465ee728b)
Start importing Assets/Resources/Images/tbi.png using Guid(a72b23b17ce524750bcccdb01deb8548) Importer(815301076,1909f56bfc062723c751e8b465ee728b)  -> (artifact id: 'e3f04c7971cc8cee4aafed2b69897883') in 0.012290 seconds
  Import took 0.014131 seconds .

========================================================================
Received Import Request.
  Time since last request: 0.000214 seconds.
  path: Assets/Resources/Images/levelpopup.png
  artifactKey: Guid(f98638560966a4d16bf1a7e5bfaf2459) Importer(815301076,1909f56bfc062723c751e8b465ee728b)
Start importing Assets/Resources/Images/levelpopup.png using Guid(f98638560966a4d16bf1a7e5bfaf2459) Importer(815301076,1909f56bfc062723c751e8b465ee728b)  -> (artifact id: 'abcea89ce7e7365b80cefc95fc4b0757') in 0.017274 seconds
  Import took 0.018759 seconds .

========================================================================
Received Import Request.
  Time since last request: 0.000309 seconds.
  path: Assets/Resources/Images/bbs.png
  artifactKey: Guid(2e814499e375a437daad4a98257c0792) Importer(815301076,1909f56bfc062723c751e8b465ee728b)
Start importing Assets/Resources/Images/bbs.png using Guid(2e814499e375a437daad4a98257c0792) Importer(815301076,1909f56bfc062723c751e8b465ee728b)  -> (artifact id: '1e79372a4dc912edc462063fdcec11a6') in 0.009179 seconds
  Import took 0.010734 seconds .

========================================================================
Received Import Request.
  Time since last request: 0.000195 seconds.
  path: Assets/Resources/Images/tiorb.png
  artifactKey: Guid(81c716140e19b490b8cbc6c804359197) Importer(815301076,1909f56bfc062723c751e8b465ee728b)
Start importing Assets/Resources/Images/tiorb.png using Guid(81c716140e19b490b8cbc6c804359197) Importer(815301076,1909f56bfc062723c751e8b465ee728b)  -> (artifact id: '4f351f2e2fa61f76191e6ddf31202e9e') in 0.008168 seconds
  Import took 0.009617 seconds .

========================================================================
Received Import Request.
  Time since last request: 0.000185 seconds.
  path: Assets/Resources/Images/dbi.png
  artifactKey: Guid(243869e7b878742aabb352d853d3eb02) Importer(815301076,1909f56bfc062723c751e8b465ee728b)
Start importing Assets/Resources/Images/dbi.png using Guid(243869e7b878742aabb352d853d3eb02) Importer(815301076,1909f56bfc062723c751e8b465ee728b)  -> (artifact id: 'fb537b971119c0d5c1f67eda989f0326') in 0.008401 seconds
  Import took 0.009852 seconds .

========================================================================
Received Import Request.
  Time since last request: 0.000214 seconds.
  path: Assets/Resources/Images/failpopup.png
  artifactKey: Guid(ad4afeb426f6743f0aada7b9f542484c) Importer(815301076,1909f56bfc062723c751e8b465ee728b)
Start importing Assets/Resources/Images/failpopup.png using Guid(ad4afeb426f6743f0aada7b9f542484c) Importer(815301076,1909f56bfc062723c751e8b465ee728b)  -> (artifact id: 'd6e34a2ff86330278d9fce2e8e726217') in 0.014670 seconds
  Import took 0.016268 seconds .

========================================================================
Received Import Request.
  Time since last request: 0.000384 seconds.
  path: Assets/Resources/Images/bkg.png
  artifactKey: Guid(2658ccd87578e49cc9d11749e2c83811) Importer(815301076,1909f56bfc062723c751e8b465ee728b)
Start importing Assets/Resources/Images/bkg.png using Guid(2658ccd87578e49cc9d11749e2c83811) Importer(815301076,1909f56bfc062723c751e8b465ee728b)  -> (artifact id: '6d7583f064723718bb5ec440c7c15e78') in 0.015490 seconds
  Import took 0.017079 seconds .

========================================================================
Received Import Request.
  Time since last request: 0.000229 seconds.
  path: Assets/Resources/Images/bcc.png
  artifactKey: Guid(2b201137fe7814f868e822fac5f3d18d) Importer(815301076,1909f56bfc062723c751e8b465ee728b)
Start importing Assets/Resources/Images/bcc.png using Guid(2b201137fe7814f868e822fac5f3d18d) Importer(815301076,1909f56bfc062723c751e8b465ee728b)  -> (artifact id: 'dc2be3686ea9019858d838df26724485') in 0.007136 seconds
  Import took 0.008674 seconds .

========================================================================
Received Import Request.
  Time since last request: 0.000223 seconds.
  path: Assets/Resources/Images/newlife.png
  artifactKey: Guid(53aa29204976a4882a52d1dd38c68439) Importer(815301076,1909f56bfc062723c751e8b465ee728b)
Start importing Assets/Resources/Images/newlife.png using Guid(53aa29204976a4882a52d1dd38c68439) Importer(815301076,1909f56bfc062723c751e8b465ee728b)  -> (artifact id: '1bd186ee8af6bf6d1268ab1cfa5d57a1') in 0.006018 seconds
  Import took 0.007445 seconds .

========================================================================
Received Import Request.
  Time since last request: 0.000219 seconds.
  path: Assets/Resources/Images/bigbutton.png
  artifactKey: Guid(1edf694a79a714d0da9b8a3ac826cedf) Importer(815301076,1909f56bfc062723c751e8b465ee728b)
Start importing Assets/Resources/Images/bigbutton.png using Guid(1edf694a79a714d0da9b8a3ac826cedf) Importer(815301076,1909f56bfc062723c751e8b465ee728b)  -> (artifact id: 'c030b2a92af6cefddc59859b006dd53b') in 0.006235 seconds
  Import took 0.007665 seconds .

========================================================================
Received Import Request.
  Time since last request: 0.000239 seconds.
  path: Assets/Resources/Images/bbb.png
  artifactKey: Guid(d93849bbe687440bc9e0d97ccce01c0b) Importer(815301076,1909f56bfc062723c751e8b465ee728b)
Start importing Assets/Resources/Images/bbb.png using Guid(d93849bbe687440bc9e0d97ccce01c0b) Importer(815301076,1909f56bfc062723c751e8b465ee728b)  -> (artifact id: 'fec9eaf0c0e402e9239fb803e72b7092') in 0.008075 seconds
  Import took 0.009640 seconds .

========================================================================
Received Import Request.
  Time since last request: 0.000243 seconds.
  path: Assets/Resources/Images/star.png
  artifactKey: Guid(c0bcf6e0a6d7d4c1bb0a88421d8d231c) Importer(815301076,1909f56bfc062723c751e8b465ee728b)
Start importing Assets/Resources/Images/star.png using Guid(c0bcf6e0a6d7d4c1bb0a88421d8d231c) Importer(815301076,1909f56bfc062723c751e8b465ee728b)  -> (artifact id: '44ce4072712200b8b602da2c6b75aa15') in 0.005700 seconds
  Import took 0.007130 seconds .

========================================================================
Received Import Request.
  Time since last request: 0.000150 seconds.
  path: Assets/Resources/Images/bbt.png
  artifactKey: Guid(fe9ab0fbad4aa48149751f42c6ce2474) Importer(815301076,1909f56bfc062723c751e8b465ee728b)
Start importing Assets/Resources/Images/bbt.png using Guid(fe9ab0fbad4aa48149751f42c6ce2474) Importer(815301076,1909f56bfc062723c751e8b465ee728b)  -> (artifact id: '75077238246cb6521865d8c6a2eb57f6') in 0.007745 seconds
  Import took 0.009141 seconds .

========================================================================
Received Import Request.
  Time since last request: 0.000265 seconds.
  path: Assets/Resources/Images/tioab.png
  artifactKey: Guid(69226fbb763ea4bc6857078b96d083f7) Importer(815301076,1909f56bfc062723c751e8b465ee728b)
Start importing Assets/Resources/Images/tioab.png using Guid(69226fbb763ea4bc6857078b96d083f7) Importer(815301076,1909f56bfc062723c751e8b465ee728b)  -> (artifact id: 'bd9b391d8c25331031876e5535d9a00e') in 0.007088 seconds
  Import took 0.008411 seconds .

========================================================================
Received Import Request.
  Time since last request: 139.346818 seconds.
  path: Assets/Resources/Images/GameplayScene/bottompanel.png
  artifactKey: Guid(6be05535f9f9c4d12821cea543890ec4) Importer(815301076,1909f56bfc062723c751e8b465ee728b)
Start importing Assets/Resources/Images/GameplayScene/bottompanel.png using Guid(6be05535f9f9c4d12821cea543890ec4) Importer(815301076,1909f56bfc062723c751e8b465ee728b)  -> (artifact id: '9ef5865800b520b51eff764e1c10b081') in 0.014212 seconds
  Import took 0.017620 seconds .

========================================================================
Received Import Request.
  Time since last request: 0.000295 seconds.
  path: Assets/Resources/Images/GameplayScene/pause.png
  artifactKey: Guid(d13248936b9ba4a3598c7cf6d23fe032) Importer(815301076,1909f56bfc062723c751e8b465ee728b)
Start importing Assets/Resources/Images/GameplayScene/pause.png using Guid(d13248936b9ba4a3598c7cf6d23fe032) Importer(815301076,1909f56bfc062723c751e8b465ee728b)  -> (artifact id: '0067f64e9caa47e140334a6c02d6fe94') in 0.008838 seconds
  Import took 0.010889 seconds .

========================================================================
Received Import Request.
  Time since last request: 0.610714 seconds.
  path: Assets/Resources/Images/Icon/icon.png
  artifactKey: Guid(5e05adc34dfdc4ffca5b020df12fb234) Importer(815301076,1909f56bfc062723c751e8b465ee728b)
Start importing Assets/Resources/Images/Icon/icon.png using Guid(5e05adc34dfdc4ffca5b020df12fb234) Importer(815301076,1909f56bfc062723c751e8b465ee728b)  -> (artifact id: 'f67993b4184e5f23f87f8f371816b052') in 0.012907 seconds
  Import took 0.015937 seconds .

========================================================================
Received Import Request.
  Time since last request: 0.629236 seconds.
  path: Assets/Resources/Images/MainMenuScene/menusettings.png
  artifactKey: Guid(7920e4b7ed2934e0c8b204cd6bd6ea7d) Importer(815301076,1909f56bfc062723c751e8b465ee728b)
Start importing Assets/Resources/Images/MainMenuScene/menusettings.png using Guid(7920e4b7ed2934e0c8b204cd6bd6ea7d) Importer(815301076,1909f56bfc062723c751e8b465ee728b)  -> (artifact id: '81404c38d59bdbf922c2a7e5968d6fb3') in 0.011741 seconds
  Import took 0.014641 seconds .

========================================================================
Received Import Request.
  Time since last request: 0.000267 seconds.
  path: Assets/Resources/Images/MainMenuScene/playbutton.png
  artifactKey: Guid(532eecb23d21946b0a79cae1ee1c6f88) Importer(815301076,1909f56bfc062723c751e8b465ee728b)
Start importing Assets/Resources/Images/MainMenuScene/playbutton.png using Guid(532eecb23d21946b0a79cae1ee1c6f88) Importer(815301076,1909f56bfc062723c751e8b465ee728b)  -> (artifact id: 'd8d27fcb65b82e1c82c10594fcf884a5') in 0.009812 seconds
  Import took 0.011902 seconds .

========================================================================
Received Import Request.
  Time since last request: 0.696887 seconds.
  path: Assets/Resources/Images/Mockups/bottommock.png
  artifactKey: Guid(9d27538c9029049b7bedf57f6a1cd78f) Importer(815301076,1909f56bfc062723c751e8b465ee728b)
Start importing Assets/Resources/Images/Mockups/bottommock.png using Guid(9d27538c9029049b7bedf57f6a1cd78f) Importer(815301076,1909f56bfc062723c751e8b465ee728b)  -> (artifact id: '9e3cbef4131c929bdba8a53e309019fc') in 0.011109 seconds
  Import took 0.013542 seconds .

========================================================================
Received Import Request.
  Time since last request: 0.000272 seconds.
  path: Assets/Resources/Images/Mockups/gameplay.png
  artifactKey: Guid(ab931581a57b545d489c9ca4b67c6792) Importer(815301076,1909f56bfc062723c751e8b465ee728b)
Start importing Assets/Resources/Images/Mockups/gameplay.png using Guid(ab931581a57b545d489c9ca4b67c6792) Importer(815301076,1909f56bfc062723c751e8b465ee728b)  -> (artifact id: 'f60243606d40fdb2873928b83c8d728f') in 0.017004 seconds
  Import took 0.018828 seconds .

========================================================================
Received Import Request.
  Time since last request: 0.000212 seconds.
  path: Assets/Resources/Images/Mockups/pausemock.png
  artifactKey: Guid(d5f74fcacebbf44689d2c2f51e541276) Importer(815301076,1909f56bfc062723c751e8b465ee728b)
Start importing Assets/Resources/Images/Mockups/pausemock.png using Guid(d5f74fcacebbf44689d2c2f51e541276) Importer(815301076,1909f56bfc062723c751e8b465ee728b)  -> (artifact id: '30c7f139b4bd87ef23c1092acdcecea6') in 0.015783 seconds
  Import took 0.017419 seconds .

========================================================================
Received Import Request.
  Time since last request: 0.000227 seconds.
  path: Assets/Resources/Images/Mockups/failmock.png
  artifactKey: Guid(c93b74b4887d549a2bcf99a3b7ee708f) Importer(815301076,1909f56bfc062723c751e8b465ee728b)
Start importing Assets/Resources/Images/Mockups/failmock.png using Guid(c93b74b4887d549a2bcf99a3b7ee708f) Importer(815301076,1909f56bfc062723c751e8b465ee728b)  -> (artifact id: '90fa3ad405f5e9bcdd53206f399e683c') in 0.021143 seconds
  Import took 0.022811 seconds .

========================================================================
Received Import Request.
  Time since last request: 0.000174 seconds.
  path: Assets/Resources/Images/Mockups/smock.png
  artifactKey: Guid(a0cfaeafebab044f4a1bf2cb1d24b199) Importer(815301076,1909f56bfc062723c751e8b465ee728b)
Start importing Assets/Resources/Images/Mockups/smock.png using Guid(a0cfaeafebab044f4a1bf2cb1d24b199) Importer(815301076,1909f56bfc062723c751e8b465ee728b)  -> (artifact id: '985a1ead7a2eff5c6b6691e73adf5b75') in 0.013493 seconds
  Import took 0.014966 seconds .

========================================================================
Received Import Request.
  Time since last request: 0.000291 seconds.
  path: Assets/Resources/Images/Mockups/mmmock.png
  artifactKey: Guid(128e3c6d85d0644918b9d020f7a000c9) Importer(815301076,1909f56bfc062723c751e8b465ee728b)
Start importing Assets/Resources/Images/Mockups/mmmock.png using Guid(128e3c6d85d0644918b9d020f7a000c9) Importer(815301076,1909f56bfc062723c751e8b465ee728b)  -> (artifact id: '16efb56517ceb7e7272a095ba70b5aa7') in 0.015573 seconds
  Import took 0.017010 seconds .

========================================================================
Received Import Request.
  Time since last request: 0.000209 seconds.
  path: Assets/Resources/Images/Mockups/levelmock.png
  artifactKey: Guid(23eb5df15628b4b459cbe9cd68302b9e) Importer(815301076,1909f56bfc062723c751e8b465ee728b)
Start importing Assets/Resources/Images/Mockups/levelmock.png using Guid(23eb5df15628b4b459cbe9cd68302b9e) Importer(815301076,1909f56bfc062723c751e8b465ee728b)  -> (artifact id: '412dccb3750d43a5a0f181aa8640a2e0') in 0.013786 seconds
  Import took 0.015233 seconds .

========================================================================
Received Import Request.
  Time since last request: 0.000304 seconds.
  path: Assets/Resources/Images/Mockups/tiomock.png
  artifactKey: Guid(466afdaca259344dba7f9ad66de7818c) Importer(815301076,1909f56bfc062723c751e8b465ee728b)
Start importing Assets/Resources/Images/Mockups/tiomock.png using Guid(466afdaca259344dba7f9ad66de7818c) Importer(815301076,1909f56bfc062723c751e8b465ee728b)  -> (artifact id: '9701ee322f25dda61eb1e268436bd8cb') in 0.013596 seconds
  Import took 0.015291 seconds .

========================================================================
Received Import Request.
  Time since last request: 34.241633 seconds.
  path: Assets/Resources/Images/hel.png
  artifactKey: Guid(104e9ac0258e342b3b01d582517c00b7) Importer(815301076,1909f56bfc062723c751e8b465ee728b)
Start importing Assets/Resources/Images/hel.png using Guid(104e9ac0258e342b3b01d582517c00b7) Importer(815301076,1909f56bfc062723c751e8b465ee728b)  -> (artifact id: '6e078e24a0c8c5f27252e35f5eb2fe76') in 0.009108 seconds
  Import took 0.011164 seconds .

========================================================================
Received Import Request.
  Time since last request: 7.256320 seconds.
  path: Assets/Resources/Images/hel.png
  artifactKey: Guid(104e9ac0258e342b3b01d582517c00b7) Importer(815301076,1909f56bfc062723c751e8b465ee728b)
Start importing Assets/Resources/Images/hel.png using Guid(104e9ac0258e342b3b01d582517c00b7) Importer(815301076,1909f56bfc062723c751e8b465ee728b)  -> (artifact id: 'e1a2c8ce9d008838a43fea4f7eb3c38a') in 0.007876 seconds
  Import took 0.009947 seconds .

========================================================================
Received Import Request.
  Time since last request: 151.724290 seconds.
  path: Assets/Resources/Images/MainMenuScene/Background/bkgmenu.png
  artifactKey: Guid(58428b4534f3d4ab8be98c948c79b138) Importer(815301076,1909f56bfc062723c751e8b465ee728b)
Start importing Assets/Resources/Images/MainMenuScene/Background/bkgmenu.png using Guid(58428b4534f3d4ab8be98c948c79b138) Importer(815301076,1909f56bfc062723c751e8b465ee728b)  -> (artifact id: '008cf11a15f5bec55ba664edc6172c5a') in 0.024806 seconds
  Import took 0.027339 seconds .

========================================================================
Received Import Request.
  Time since last request: 0.000269 seconds.
  path: Assets/Resources/Images/MainMenuScene/Background/cloud.png
  artifactKey: Guid(583b86dbd7c5941cf99a1e124ed12f1f) Importer(815301076,1909f56bfc062723c751e8b465ee728b)
Start importing Assets/Resources/Images/MainMenuScene/Background/cloud.png using Guid(583b86dbd7c5941cf99a1e124ed12f1f) Importer(815301076,1909f56bfc062723c751e8b465ee728b)  -> (artifact id: 'd04a0a8f026158615e41af4d2ed0bf2f') in 0.013095 seconds
  Import took 0.014833 seconds .

========================================================================
Received Import Request.
  Time since last request: 0.000178 seconds.
  path: Assets/Resources/Images/MainMenuScene/Background/mnt.png
  artifactKey: Guid(8ff16b70883de4b52a0a08f67e635495) Importer(815301076,1909f56bfc062723c751e8b465ee728b)
Start importing Assets/Resources/Images/MainMenuScene/Background/mnt.png using Guid(8ff16b70883de4b52a0a08f67e635495) Importer(815301076,1909f56bfc062723c751e8b465ee728b)  -> (artifact id: 'fa0cabd30ff665e8335b22b65d15eb1c') in 0.011905 seconds
  Import took 0.013430 seconds .

========================================================================
Received Import Request.
  Time since last request: 0.000361 seconds.
  path: Assets/Resources/Images/MainMenuScene/Background/stars.png
  artifactKey: Guid(62eae070e9e1e4bdf817bbe4681f4609) Importer(815301076,1909f56bfc062723c751e8b465ee728b)
Start importing Assets/Resources/Images/MainMenuScene/Background/stars.png using Guid(62eae070e9e1e4bdf817bbe4681f4609) Importer(815301076,1909f56bfc062723c751e8b465ee728b)  -> (artifact id: 'febd17257af3cabd13957914072d27a7') in 0.015579 seconds
  Import took 0.017078 seconds .

========================================================================
Received Import Request.
  Time since last request: 0.005097 seconds.
  path: Assets/Resources/Images/MainMenuScene/Background/stars.png
  artifactKey: Guid(62eae070e9e1e4bdf817bbe4681f4609) Importer(815301076,1909f56bfc062723c751e8b465ee728b)
Start importing Assets/Resources/Images/MainMenuScene/Background/stars.png using Guid(62eae070e9e1e4bdf817bbe4681f4609) Importer(815301076,1909f56bfc062723c751e8b465ee728b)  -> (artifact id: 'febd17257af3cabd13957914072d27a7') in 0.014646 seconds
  Import took 0.016402 seconds .

========================================================================
Received Prepare
Registering precompiled user dll's ...
Registered in 0.000937 seconds.
Begin MonoManager ReloadAssembly
Native extension for WindowsStandalone target not found
Native extension for OSXStandalone target not found
Native extension for WebGL target not found
Refreshing native plugins compatible for Editor in 0.31 ms, found 1 plugins.
Preloading 0 native plugins for Editor in 0.00 ms.
Invoked RoslynAnalysisRunner static constructor.
RoslynAnalysisRunner will not be running.
RoslynAnalysisRunner has terminated.
Mono: successfully reloaded assembly
- Completed reload, in  1.753 seconds
Platform modules already initialized, skipping
Switching build target platform(2) subTarget(0) extendedPlatform(0) -> platform(9) subTarget(16777218) extendedPlatform(0)
Refreshing native plugins compatible for Editor in 0.24 ms, found 1 plugins.
Preloading 0 native plugins for Editor in 0.00 ms.
Unloading 1125 Unused Serialized files (Serialized files now loaded: 0)
System memory in use before: 129.1 MB.
System memory in use after: 129.2 MB.

Unloading 5 unused Assets to reduce memory usage. Loaded Objects now: 1631.
Total: 1.180541 ms (FindLiveObjects: 0.092583 ms CreateObjectMapping: 0.025083 ms MarkObjects: 1.016750 ms  DeleteObjects: 0.045000 ms)

AssetImportParameters requested are different than current active one (requested -> active):
  custom:graphics/normal-map-encoding: 01000000000000000000000000000000 -> 02000000000000000000000000000000
========================================================================
Received Prepare
Registering precompiled user dll's ...
Registered in 0.000664 seconds.
Begin MonoManager ReloadAssembly
Native extension for WindowsStandalone target not found
Native extension for OSXStandalone target not found
Native extension for WebGL target not found
Refreshing native plugins compatible for Editor in 0.25 ms, found 1 plugins.
Preloading 0 native plugins for Editor in 0.00 ms.
Invoked RoslynAnalysisRunner static constructor.
RoslynAnalysisRunner will not be running.
RoslynAnalysisRunner has terminated.
Mono: successfully reloaded assembly
- Completed reload, in  1.756 seconds
Platform modules already initialized, skipping
Switching build target platform(2) subTarget(0) extendedPlatform(0) -> platform(9) subTarget(16777218) extendedPlatform(0)
Refreshing native plugins compatible for Editor in 0.32 ms, found 1 plugins.
Preloading 0 native plugins for Editor in 0.00 ms.
Unloading 1125 Unused Serialized files (Serialized files now loaded: 0)
System memory in use before: 129.6 MB.
System memory in use after: 129.7 MB.

Unloading 5 unused Assets to reduce memory usage. Loaded Objects now: 1634.
Total: 1.252750 ms (FindLiveObjects: 0.139583 ms CreateObjectMapping: 0.025667 ms MarkObjects: 1.036833 ms  DeleteObjects: 0.050083 ms)

AssetImportParameters requested are different than current active one (requested -> active):
  custom:graphics/normal-map-encoding: 01000000000000000000000000000000 -> 02000000000000000000000000000000
========================================================================
Received Prepare
Registering precompiled user dll's ...
Registered in 0.000378 seconds.
Begin MonoManager ReloadAssembly
Native extension for WindowsStandalone target not found
Native extension for OSXStandalone target not found
Native extension for WebGL target not found
Refreshing native plugins compatible for Editor in 0.26 ms, found 1 plugins.
Preloading 0 native plugins for Editor in 0.00 ms.
Invoked RoslynAnalysisRunner static constructor.
RoslynAnalysisRunner will not be running.
RoslynAnalysisRunner has terminated.
Mono: successfully reloaded assembly
- Completed reload, in  1.690 seconds
Platform modules already initialized, skipping
Switching build target platform(2) subTarget(0) extendedPlatform(0) -> platform(9) subTarget(16777218) extendedPlatform(0)
Refreshing native plugins compatible for Editor in 0.26 ms, found 1 plugins.
Preloading 0 native plugins for Editor in 0.00 ms.
Unloading 1126 Unused Serialized files (Serialized files now loaded: 0)
System memory in use before: 130.0 MB.
System memory in use after: 130.1 MB.

Unloading 5 unused Assets to reduce memory usage. Loaded Objects now: 1638.
Total: 1.143959 ms (FindLiveObjects: 0.112583 ms CreateObjectMapping: 0.024042 ms MarkObjects: 0.959709 ms  DeleteObjects: 0.046334 ms)

AssetImportParameters requested are different than current active one (requested -> active):
  custom:graphics/normal-map-encoding: 01000000000000000000000000000000 -> 02000000000000000000000000000000
========================================================================
Received Prepare
Registering precompiled user dll's ...
Registered in 0.000274 seconds.
Begin MonoManager ReloadAssembly
Native extension for WindowsStandalone target not found
Native extension for OSXStandalone target not found
Native extension for WebGL target not found
Refreshing native plugins compatible for Editor in 0.25 ms, found 1 plugins.
Preloading 0 native plugins for Editor in 0.00 ms.
Invoked RoslynAnalysisRunner static constructor.
RoslynAnalysisRunner will not be running.
RoslynAnalysisRunner has terminated.
Mono: successfully reloaded assembly
- Completed reload, in  1.645 seconds
Platform modules already initialized, skipping
Switching build target platform(2) subTarget(0) extendedPlatform(0) -> platform(9) subTarget(16777218) extendedPlatform(0)
Refreshing native plugins compatible for Editor in 0.24 ms, found 1 plugins.
Preloading 0 native plugins for Editor in 0.00 ms.
Unloading 1126 Unused Serialized files (Serialized files now loaded: 0)
System memory in use before: 130.5 MB.
System memory in use after: 130.5 MB.

Unloading 5 unused Assets to reduce memory usage. Loaded Objects now: 1641.
Total: 1.640667 ms (FindLiveObjects: 0.096458 ms CreateObjectMapping: 0.024792 ms MarkObjects: 1.470416 ms  DeleteObjects: 0.048125 ms)

AssetImportParameters requested are different than current active one (requested -> active):
  custom:graphics/normal-map-encoding: 01000000000000000000000000000000 -> 02000000000000000000000000000000
========================================================================
Received Prepare
Registering precompiled user dll's ...
Registered in 0.000309 seconds.
Begin MonoManager ReloadAssembly
Native extension for WindowsStandalone target not found
Native extension for OSXStandalone target not found
Native extension for WebGL target not found
Refreshing native plugins compatible for Editor in 0.26 ms, found 1 plugins.
Preloading 0 native plugins for Editor in 0.00 ms.
Invoked RoslynAnalysisRunner static constructor.
RoslynAnalysisRunner will not be running.
RoslynAnalysisRunner has terminated.
Mono: successfully reloaded assembly
- Completed reload, in  1.731 seconds
Platform modules already initialized, skipping
Switching build target platform(2) subTarget(0) extendedPlatform(0) -> platform(9) subTarget(16777218) extendedPlatform(0)
Refreshing native plugins compatible for Editor in 0.25 ms, found 1 plugins.
Preloading 0 native plugins for Editor in 0.00 ms.
Unloading 1126 Unused Serialized files (Serialized files now loaded: 0)
System memory in use before: 130.9 MB.
System memory in use after: 130.9 MB.

Unloading 5 unused Assets to reduce memory usage. Loaded Objects now: 1644.
Total: 1.160125 ms (FindLiveObjects: 0.144250 ms CreateObjectMapping: 0.024917 ms MarkObjects: 0.944542 ms  DeleteObjects: 0.045209 ms)

AssetImportParameters requested are different than current active one (requested -> active):
  custom:graphics/normal-map-encoding: 01000000000000000000000000000000 -> 02000000000000000000000000000000
========================================================================
Received Prepare
Registering precompiled user dll's ...
Registered in 0.000330 seconds.
Begin MonoManager ReloadAssembly
Native extension for WindowsStandalone target not found
Native extension for OSXStandalone target not found
Native extension for WebGL target not found
Refreshing native plugins compatible for Editor in 0.25 ms, found 1 plugins.
Preloading 0 native plugins for Editor in 0.00 ms.
Invoked RoslynAnalysisRunner static constructor.
RoslynAnalysisRunner will not be running.
RoslynAnalysisRunner has terminated.
Mono: successfully reloaded assembly
- Completed reload, in  1.678 seconds
Platform modules already initialized, skipping
Switching build target platform(2) subTarget(0) extendedPlatform(0) -> platform(9) subTarget(16777218) extendedPlatform(0)
Refreshing native plugins compatible for Editor in 0.24 ms, found 1 plugins.
Preloading 0 native plugins for Editor in 0.00 ms.
Unloading 1126 Unused Serialized files (Serialized files now loaded: 0)
System memory in use before: 131.3 MB.
System memory in use after: 131.3 MB.

Unloading 5 unused Assets to reduce memory usage. Loaded Objects now: 1647.
Total: 1.175375 ms (FindLiveObjects: 0.119458 ms CreateObjectMapping: 0.024167 ms MarkObjects: 0.984500 ms  DeleteObjects: 0.046333 ms)

AssetImportParameters requested are different than current active one (requested -> active):
  custom:graphics/normal-map-encoding: 01000000000000000000000000000000 -> 02000000000000000000000000000000
========================================================================
Received Prepare
Registering precompiled user dll's ...
Registered in 0.000374 seconds.
Begin MonoManager ReloadAssembly
Native extension for WindowsStandalone target not found
Native extension for OSXStandalone target not found
Native extension for WebGL target not found
Refreshing native plugins compatible for Editor in 0.27 ms, found 1 plugins.
Preloading 0 native plugins for Editor in 0.00 ms.
Invoked RoslynAnalysisRunner static constructor.
RoslynAnalysisRunner will not be running.
RoslynAnalysisRunner has terminated.
Mono: successfully reloaded assembly
- Completed reload, in  1.636 seconds
Platform modules already initialized, skipping
Switching build target platform(2) subTarget(0) extendedPlatform(0) -> platform(9) subTarget(16777218) extendedPlatform(0)
Refreshing native plugins compatible for Editor in 0.24 ms, found 1 plugins.
Preloading 0 native plugins for Editor in 0.00 ms.
Unloading 1126 Unused Serialized files (Serialized files now loaded: 0)
System memory in use before: 131.7 MB.
System memory in use after: 131.7 MB.

Unloading 5 unused Assets to reduce memory usage. Loaded Objects now: 1650.
Total: 1.410625 ms (FindLiveObjects: 0.164792 ms CreateObjectMapping: 0.024917 ms MarkObjects: 1.146000 ms  DeleteObjects: 0.073458 ms)

AssetImportParameters requested are different than current active one (requested -> active):
  custom:graphics/normal-map-encoding: 01000000000000000000000000000000 -> 02000000000000000000000000000000
========================================================================
Received Prepare
Registering precompiled user dll's ...
Registered in 0.000361 seconds.
Begin MonoManager ReloadAssembly
Native extension for WindowsStandalone target not found
Native extension for OSXStandalone target not found
Native extension for WebGL target not found
Refreshing native plugins compatible for Editor in 0.31 ms, found 1 plugins.
Preloading 0 native plugins for Editor in 0.00 ms.
Invoked RoslynAnalysisRunner static constructor.
RoslynAnalysisRunner will not be running.
RoslynAnalysisRunner has terminated.
Mono: successfully reloaded assembly
- Completed reload, in  1.667 seconds
Platform modules already initialized, skipping
Switching build target platform(2) subTarget(0) extendedPlatform(0) -> platform(9) subTarget(16777218) extendedPlatform(0)
Refreshing native plugins compatible for Editor in 0.30 ms, found 1 plugins.
Preloading 0 native plugins for Editor in 0.00 ms.
Unloading 1126 Unused Serialized files (Serialized files now loaded: 0)
System memory in use before: 132.1 MB.
System memory in use after: 132.2 MB.

Unloading 5 unused Assets to reduce memory usage. Loaded Objects now: 1653.
Total: 1.153333 ms (FindLiveObjects: 0.113042 ms CreateObjectMapping: 0.024500 ms MarkObjects: 0.967125 ms  DeleteObjects: 0.047500 ms)

AssetImportParameters requested are different than current active one (requested -> active):
  custom:graphics/normal-map-encoding: 01000000000000000000000000000000 -> 02000000000000000000000000000000
========================================================================
Received Prepare
Registering precompiled user dll's ...
Registered in 0.000330 seconds.
Begin MonoManager ReloadAssembly
Native extension for WindowsStandalone target not found
Native extension for OSXStandalone target not found
Native extension for WebGL target not found
Refreshing native plugins compatible for Editor in 0.29 ms, found 1 plugins.
Preloading 0 native plugins for Editor in 0.00 ms.
Invoked RoslynAnalysisRunner static constructor.
RoslynAnalysisRunner will not be running.
RoslynAnalysisRunner has terminated.
Mono: successfully reloaded assembly
- Completed reload, in  1.686 seconds
Platform modules already initialized, skipping
Switching build target platform(2) subTarget(0) extendedPlatform(0) -> platform(9) subTarget(16777218) extendedPlatform(0)
Refreshing native plugins compatible for Editor in 0.25 ms, found 1 plugins.
Preloading 0 native plugins for Editor in 0.00 ms.
Unloading 1126 Unused Serialized files (Serialized files now loaded: 0)
System memory in use before: 132.5 MB.
System memory in use after: 132.5 MB.

Unloading 5 unused Assets to reduce memory usage. Loaded Objects now: 1656.
Total: 1.168084 ms (FindLiveObjects: 0.109542 ms CreateObjectMapping: 0.024250 ms MarkObjects: 0.987667 ms  DeleteObjects: 0.045667 ms)

AssetImportParameters requested are different than current active one (requested -> active):
  custom:graphics/normal-map-encoding: 01000000000000000000000000000000 -> 02000000000000000000000000000000
========================================================================
Received Prepare
Registering precompiled user dll's ...
Registered in 0.000290 seconds.
Begin MonoManager ReloadAssembly
Native extension for WindowsStandalone target not found
Native extension for OSXStandalone target not found
Native extension for WebGL target not found
Refreshing native plugins compatible for Editor in 0.26 ms, found 1 plugins.
Preloading 0 native plugins for Editor in 0.00 ms.
Invoked RoslynAnalysisRunner static constructor.
RoslynAnalysisRunner will not be running.
RoslynAnalysisRunner has terminated.
Mono: successfully reloaded assembly
- Completed reload, in  1.711 seconds
Platform modules already initialized, skipping
Switching build target platform(2) subTarget(0) extendedPlatform(0) -> platform(9) subTarget(16777218) extendedPlatform(0)
Refreshing native plugins compatible for Editor in 0.25 ms, found 1 plugins.
Preloading 0 native plugins for Editor in 0.00 ms.
Unloading 1126 Unused Serialized files (Serialized files now loaded: 0)
System memory in use before: 132.9 MB.
System memory in use after: 133.0 MB.

Unloading 5 unused Assets to reduce memory usage. Loaded Objects now: 1659.
Total: 1.174958 ms (FindLiveObjects: 0.123125 ms CreateObjectMapping: 0.024125 ms MarkObjects: 0.984041 ms  DeleteObjects: 0.042750 ms)

AssetImportParameters requested are different than current active one (requested -> active):
  custom:graphics/normal-map-encoding: 01000000000000000000000000000000 -> 02000000000000000000000000000000
========================================================================
Received Prepare
Registering precompiled user dll's ...
Registered in 0.000297 seconds.
Begin MonoManager ReloadAssembly
Native extension for WindowsStandalone target not found
Native extension for OSXStandalone target not found
Native extension for WebGL target not found
Refreshing native plugins compatible for Editor in 0.26 ms, found 1 plugins.
Preloading 0 native plugins for Editor in 0.00 ms.
Invoked RoslynAnalysisRunner static constructor.
RoslynAnalysisRunner will not be running.
RoslynAnalysisRunner has terminated.
Mono: successfully reloaded assembly
- Completed reload, in  1.683 seconds
Platform modules already initialized, skipping
Switching build target platform(2) subTarget(0) extendedPlatform(0) -> platform(9) subTarget(16777218) extendedPlatform(0)
Refreshing native plugins compatible for Editor in 0.24 ms, found 1 plugins.
Preloading 0 native plugins for Editor in 0.00 ms.
Unloading 1126 Unused Serialized files (Serialized files now loaded: 0)
System memory in use before: 133.3 MB.
System memory in use after: 133.4 MB.

Unloading 5 unused Assets to reduce memory usage. Loaded Objects now: 1662.
Total: 1.084000 ms (FindLiveObjects: 0.084208 ms CreateObjectMapping: 0.025041 ms MarkObjects: 0.929042 ms  DeleteObjects: 0.044833 ms)

AssetImportParameters requested are different than current active one (requested -> active):
  custom:graphics/normal-map-encoding: 01000000000000000000000000000000 -> 02000000000000000000000000000000
========================================================================
Received Prepare
Registering precompiled user dll's ...
Registered in 0.000349 seconds.
Begin MonoManager ReloadAssembly
Native extension for WindowsStandalone target not found
Native extension for OSXStandalone target not found
Native extension for WebGL target not found
Refreshing native plugins compatible for Editor in 0.30 ms, found 1 plugins.
Preloading 0 native plugins for Editor in 0.00 ms.
Invoked RoslynAnalysisRunner static constructor.
RoslynAnalysisRunner will not be running.
RoslynAnalysisRunner has terminated.
Mono: successfully reloaded assembly
- Completed reload, in  1.908 seconds
Platform modules already initialized, skipping
Switching build target platform(2) subTarget(0) extendedPlatform(0) -> platform(9) subTarget(16777218) extendedPlatform(0)
Refreshing native plugins compatible for Editor in 0.26 ms, found 1 plugins.
Preloading 0 native plugins for Editor in 0.00 ms.
Unloading 1126 Unused Serialized files (Serialized files now loaded: 0)
System memory in use before: 133.7 MB.
System memory in use after: 133.8 MB.

Unloading 5 unused Assets to reduce memory usage. Loaded Objects now: 1665.
Total: 1.335625 ms (FindLiveObjects: 0.235667 ms CreateObjectMapping: 0.025208 ms MarkObjects: 1.023792 ms  DeleteObjects: 0.049666 ms)

AssetImportParameters requested are different than current active one (requested -> active):
  custom:graphics/normal-map-encoding: 01000000000000000000000000000000 -> 02000000000000000000000000000000
